[2023-09-06 22:38:59.599 +00:00] [INF] [1] Main: Jellyfin version: "10.8.10"
[2023-09-06 22:38:59.615 +00:00] [INF] [1] Main: Environment Variables: ["[JELLYFIN_DATA_DIR, /config/data]", "[JELLYFIN_WEB_DIR, /usr/share/jellyfin/web]", "[JELLYFIN_LOG_DIR, /config/log]", "[JELLYFIN_CONFIG_DIR, /config]", "[JELLYFIN_PublishedServerUrl, 192.168.0.5]", "[JELLYFIN_CACHE_DIR, /config/cache]"]
[2023-09-06 22:38:59.618 +00:00] [INF] [1] Main: Arguments: ["/usr/lib/jellyfin/bin/jellyfin.dll", "--ffmpeg=/usr/lib/jellyfin-ffmpeg/ffmpeg"]
[2023-09-06 22:38:59.619 +00:00] [INF] [1] Main: Operating system: "Linux"
[2023-09-06 22:38:59.619 +00:00] [INF] [1] Main: Architecture: X64
[2023-09-06 22:38:59.619 +00:00] [INF] [1] Main: 64-Bit Process: True
[2023-09-06 22:38:59.619 +00:00] [INF] [1] Main: User Interactive: True
[2023-09-06 22:38:59.619 +00:00] [INF] [1] Main: Processor count: 12
[2023-09-06 22:38:59.619 +00:00] [INF] [1] Main: Program data path: "/config/data"
[2023-09-06 22:38:59.620 +00:00] [INF] [1] Main: Web resources path: "/usr/share/jellyfin/web"
[2023-09-06 22:38:59.620 +00:00] [INF] [1] Main: Application directory: "/usr/lib/jellyfin/bin/"
[2023-09-06 22:38:59.758 +00:00] [INF] [1] Jellyfin.Server.Migrations.MigrationRunner: Applying migration '"CreateNetworkConfiguration"'
[2023-09-06 22:38:59.794 +00:00] [INF] [1] Jellyfin.Server.Migrations.MigrationRunner: Migration '"CreateNetworkConfiguration"' applied successfully
[2023-09-06 22:38:59.835 +00:00] [INF] [1] Emby.Server.Implementations.AppBase.BaseConfigurationManager: Setting cache path: "/config/cache"
[2023-09-06 22:38:59.877 +00:00] [INF] [1] Emby.Server.Implementations.ApplicationHost: Loading assemblies
[2023-09-06 22:38:59.980 +00:00] [INF] [1] Jellyfin.Networking.Manager.NetworkManager: Defined LAN addresses : "[10.0.0.0/8,172.16.0.0/12,192.168.0.0/16]"
[2023-09-06 22:38:59.980 +00:00] [INF] [1] Jellyfin.Networking.Manager.NetworkManager: Defined LAN exclusions : "[]"
[2023-09-06 22:38:59.981 +00:00] [INF] [1] Jellyfin.Networking.Manager.NetworkManager: Using LAN addresses: "[10.0.0.0/8,172.16.0.0/12,192.168.0.0/16]"
[2023-09-06 22:38:59.988 +00:00] [INF] [1] Jellyfin.Networking.Manager.NetworkManager: Using bind addresses: "[]"
[2023-09-06 22:38:59.988 +00:00] [INF] [1] Jellyfin.Networking.Manager.NetworkManager: Using bind exclusions: "[]"
[2023-09-06 22:39:01.662 +00:00] [INF] [1] Emby.Server.Implementations.Plugins.PluginManager: Loaded plugin: "TMDb" "10.8.10.0"
[2023-09-06 22:39:01.663 +00:00] [INF] [1] Emby.Server.Implementations.Plugins.PluginManager: Loaded plugin: "Studio Images" "10.8.10.0"
[2023-09-06 22:39:01.664 +00:00] [INF] [1] Emby.Server.Implementations.Plugins.PluginManager: Loaded plugin: "OMDb" "10.8.10.0"
[2023-09-06 22:39:01.664 +00:00] [INF] [1] Emby.Server.Implementations.Plugins.PluginManager: Loaded plugin: "MusicBrainz" "10.8.10.0"
[2023-09-06 22:39:01.664 +00:00] [INF] [1] Emby.Server.Implementations.Plugins.PluginManager: Loaded plugin: "AudioDB" "10.8.10.0"
[2023-09-06 22:39:01.739 +00:00] [INF] [1] Main: Kestrel listening on "Any IP4 Address"
[2023-09-06 22:39:01.787 +00:00] [WRN] [1] Microsoft.AspNetCore.DataProtection.Repositories.EphemeralXmlRepository: Using an in-memory repository. Keys will not be persisted to storage.
[2023-09-06 22:39:01.787 +00:00] [WRN] [1] Microsoft.AspNetCore.DataProtection.KeyManagement.XmlKeyManager: Neither user profile nor HKLM registry available. Using an ephemeral key repository. Protected data will be unavailable when application exits.
[2023-09-06 22:39:01.936 +00:00] [WRN] [1] Microsoft.AspNetCore.DataProtection.KeyManagement.XmlKeyManager: No XML encryptor configured. Key {c9dac5c1-4076-4103-ad44-11b73a97618f} may be persisted to storage in unencrypted form.
[2023-09-06 22:39:01.951 +00:00] [INF] [1] Emby.Server.Implementations.ApplicationHost: Running startup tasks
[2023-09-06 22:39:01.973 +00:00] [INF] [1] Emby.Server.Implementations.ScheduledTasks.TaskManager: Daily trigger for "Extract Chapter Images" set to fire at 2023-09-07 02:00:00.000 +00:00, which is 03:20:58.0262980 from now.
[2023-09-06 22:39:02.102 +00:00] [INF] [1] MediaBrowser.MediaEncoding.Encoder.MediaEncoder: Found ffmpeg version "5.1.3"
[2023-09-06 22:39:02.134 +00:00] [INF] [1] MediaBrowser.MediaEncoding.Encoder.MediaEncoder: Available "decoders": ["libdav1d", "av1", "av1_cuvid", "av1_qsv", "h264", "h264_qsv", "h264_cuvid", "hevc", "hevc_qsv", "hevc_cuvid", "mpeg2video", "mpeg2_qsv", "mpeg2_cuvid", "mpeg4", "mpeg4_cuvid", "msmpeg4", "vc1_qsv", "vc1_cuvid", "vp8", "libvpx", "vp8_cuvid", "vp8_qsv", "vp9", "libvpx-vp9", "vp9_cuvid", "vp9_qsv", "aac", "ac3", "dca", "flac", "mp3", "truehd"]
[2023-09-06 22:39:02.147 +00:00] [INF] [1] MediaBrowser.MediaEncoding.Encoder.MediaEncoder: Available "encoders": ["libx264", "h264_amf", "h264_nvenc", "h264_qsv", "h264_v4l2m2m", "h264_vaapi", "libx265", "hevc_amf", "hevc_nvenc", "hevc_qsv", "hevc_vaapi", "mpeg4", "msmpeg4", "libvpx", "libvpx-vp9", "aac", "libfdk_aac", "ac3", "dca", "flac", "libmp3lame", "libopus", "truehd", "libvorbis", "srt"]
[2023-09-06 22:39:02.161 +00:00] [INF] [1] MediaBrowser.MediaEncoding.Encoder.MediaEncoder: Available filters: ["deinterlace_qsv", "deinterlace_vaapi", "hwupload_cuda", "hwupload_vaapi", "overlay_opencl", "overlay_qsv", "overlay_vaapi", "overlay_cuda", "procamp_vaapi", "scale_cuda", "scale_opencl", "scale_qsv", "scale_vaapi", "tonemap_cuda", "tonemap_opencl", "tonemap_vaapi", "vpp_qsv", "yadif_cuda", "zscale", "alphasrc"]
[2023-09-06 22:39:02.222 +00:00] [INF] [1] MediaBrowser.MediaEncoding.Encoder.MediaEncoder: Available hwaccel types: ["cuda", "vaapi", "qsv", "drm", "opencl", "vulkan"]
[2023-09-06 22:39:02.329 +00:00] [INF] [1] MediaBrowser.MediaEncoding.Encoder.MediaEncoder: FFmpeg: "/usr/lib/jellyfin-ffmpeg/ffmpeg"
[2023-09-06 22:39:02.340 +00:00] [INF] [1] Emby.Server.Implementations.ApplicationHost: ServerId: "6fe1c14d4b8f47518554b472e83cf58c"
[2023-09-06 22:39:02.783 +00:00] [INF] [1] Emby.Server.Implementations.ApplicationHost: Executed all pre-startup entry points in 0:00:00.4365139
[2023-09-06 22:39:02.783 +00:00] [INF] [1] Emby.Server.Implementations.ApplicationHost: Core startup complete
[2023-09-06 22:39:02.898 +00:00] [INF] [1] Emby.Server.Implementations.ApplicationHost: Executed all post-startup entry points in 0:00:00.1151883
[2023-09-06 22:39:02.898 +00:00] [INF] [1] Main: Startup complete 0:00:03.5181307
[2023-09-06 22:39:03.499 +00:00] [WRN] [10] Microsoft.EntityFrameworkCore.Model.Validation: The entity type '"AccessSchedule"' is configured to use schema '"jellyfin"', but SQLite does not support schemas. This configuration will be ignored by the SQLite provider.
[2023-09-06 22:39:03.500 +00:00] [WRN] [10] Microsoft.EntityFrameworkCore.Model.Validation: The entity type '"ActivityLog"' is configured to use schema '"jellyfin"', but SQLite does not support schemas. This configuration will be ignored by the SQLite provider.
[2023-09-06 22:39:03.500 +00:00] [WRN] [10] Microsoft.EntityFrameworkCore.Model.Validation: The entity type '"CustomItemDisplayPreferences"' is configured to use schema '"jellyfin"', but SQLite does not support schemas. This configuration will be ignored by the SQLite provider.
[2023-09-06 22:39:03.500 +00:00] [WRN] [10] Microsoft.EntityFrameworkCore.Model.Validation: The entity type '"DisplayPreferences"' is configured to use schema '"jellyfin"', but SQLite does not support schemas. This configuration will be ignored by the SQLite provider.
[2023-09-06 22:39:03.500 +00:00] [WRN] [10] Microsoft.EntityFrameworkCore.Model.Validation: The entity type '"HomeSection"' is configured to use schema '"jellyfin"', but SQLite does not support schemas. This configuration will be ignored by the SQLite provider.
[2023-09-06 22:39:03.500 +00:00] [WRN] [10] Microsoft.EntityFrameworkCore.Model.Validation: The entity type '"ImageInfo"' is configured to use schema '"jellyfin"', but SQLite does not support schemas. This configuration will be ignored by the SQLite provider.
[2023-09-06 22:39:03.500 +00:00] [WRN] [10] Microsoft.EntityFrameworkCore.Model.Validation: The entity type '"ItemDisplayPreferences"' is configured to use schema '"jellyfin"', but SQLite does not support schemas. This configuration will be ignored by the SQLite provider.
[2023-09-06 22:39:03.500 +00:00] [WRN] [10] Microsoft.EntityFrameworkCore.Model.Validation: The entity type '"Permission"' is configured to use schema '"jellyfin"', but SQLite does not support schemas. This configuration will be ignored by the SQLite provider.
[2023-09-06 22:39:03.500 +00:00] [WRN] [10] Microsoft.EntityFrameworkCore.Model.Validation: The entity type '"Preference"' is configured to use schema '"jellyfin"', but SQLite does not support schemas. This configuration will be ignored by the SQLite provider.
[2023-09-06 22:39:03.500 +00:00] [WRN] [10] Microsoft.EntityFrameworkCore.Model.Validation: The entity type '"ApiKey"' is configured to use schema '"jellyfin"', but SQLite does not support schemas. This configuration will be ignored by the SQLite provider.
[2023-09-06 22:39:03.500 +00:00] [WRN] [10] Microsoft.EntityFrameworkCore.Model.Validation: The entity type '"Device"' is configured to use schema '"jellyfin"', but SQLite does not support schemas. This configuration will be ignored by the SQLite provider.
[2023-09-06 22:39:03.500 +00:00] [WRN] [10] Microsoft.EntityFrameworkCore.Model.Validation: The entity type '"DeviceOptions"' is configured to use schema '"jellyfin"', but SQLite does not support schemas. This configuration will be ignored by the SQLite provider.
[2023-09-06 22:39:03.500 +00:00] [WRN] [10] Microsoft.EntityFrameworkCore.Model.Validation: The entity type '"User"' is configured to use schema '"jellyfin"', but SQLite does not support schemas. This configuration will be ignored by the SQLite provider.
[2023-09-06 22:39:05.004 +00:00] [INF] [13] Emby.Server.Implementations.ScheduledTasks.TaskManager: "StartupTrigger" fired for task: "Update Plugins"
[2023-09-06 22:39:05.005 +00:00] [INF] [13] Emby.Server.Implementations.ScheduledTasks.TaskManager: Queuing task "PluginUpdateTask"
[2023-09-06 22:39:05.008 +00:00] [INF] [21] Emby.Server.Implementations.ScheduledTasks.TaskManager: Executing "Update Plugins"
[2023-09-06 22:39:06.751 +00:00] [INF] [23] Emby.Server.Implementations.ScheduledTasks.TaskManager: "Update Plugins" Completed after 0 minute(s) and 1 seconds
[2023-09-06 22:39:06.761 +00:00] [INF] [23] Emby.Server.Implementations.ScheduledTasks.TaskManager: ExecuteQueuedTasks
[2023-09-06 22:40:02.004 +00:00] [INF] [22] Emby.Server.Implementations.ScheduledTasks.TaskManager: "IntervalTrigger" fired for task: "Update Plugins"
[2023-09-06 22:40:02.005 +00:00] [INF] [22] Emby.Server.Implementations.ScheduledTasks.TaskManager: Queuing task "PluginUpdateTask"
[2023-09-06 22:40:02.005 +00:00] [INF] [23] Emby.Server.Implementations.ScheduledTasks.TaskManager: Executing "Update Plugins"
[2023-09-06 22:41:42.019 +00:00] [INF] [33] Emby.Server.Implementations.ScheduledTasks.TaskManager: "Update Plugins" Cancelled after 1 minute(s) and 40 seconds
[2023-09-06 22:41:42.029 +00:00] [INF] [33] Emby.Server.Implementations.ScheduledTasks.TaskManager: ExecuteQueuedTasks
