[2023-09-01 00:52:29.989 +00:00] [INF] [4] Main: Jellyfin version: "10.8.10"
[2023-09-01 00:52:30.002 +00:00] [INF] [4] Main: Environment Variables: ["[JELLYFIN_PublishedServerUrl, 192.168.0.5]", "[JELLYFIN_CACHE_DIR, /config/cache]", "[JELLYFIN_CONFIG_DIR, /config]", "[JELLYFIN_WEB_DIR, /usr/share/jellyfin/web]", "[JELLYFIN_LOG_DIR, /config/log]", "[JELLYFIN_DATA_DIR, /config/data]"]
[2023-09-01 00:52:30.004 +00:00] [INF] [4] Main: Arguments: ["/usr/lib/jellyfin/bin/jellyfin.dll", "--ffmpeg=/usr/lib/jellyfin-ffmpeg/ffmpeg"]
[2023-09-01 00:52:30.005 +00:00] [INF] [4] Main: Operating system: "Linux"
[2023-09-01 00:52:30.005 +00:00] [INF] [4] Main: Architecture: X64
[2023-09-01 00:52:30.006 +00:00] [INF] [4] Main: 64-Bit Process: True
[2023-09-01 00:52:30.006 +00:00] [INF] [4] Main: User Interactive: True
[2023-09-01 00:52:30.006 +00:00] [INF] [4] Main: Processor count: 12
[2023-09-01 00:52:30.006 +00:00] [INF] [4] Main: Program data path: "/config/data"
[2023-09-01 00:52:30.006 +00:00] [INF] [4] Main: Web resources path: "/usr/share/jellyfin/web"
[2023-09-01 00:52:30.006 +00:00] [INF] [4] Main: Application directory: "/usr/lib/jellyfin/bin/"
[2023-09-01 00:52:30.014 +00:00] [INF] [4] Jellyfin.Server.Migrations.MigrationRunner: Marking following migrations as applied because this is a fresh install: ["CreateNetworkConfiguration"]
[2023-09-01 00:52:30.072 +00:00] [INF] [4] Emby.Server.Implementations.AppBase.BaseConfigurationManager: Setting cache path: "/config/cache"
[2023-09-01 00:52:30.083 +00:00] [INF] [4] Emby.Server.Implementations.ApplicationHost: Loading assemblies
[2023-09-01 00:52:30.134 +00:00] [INF] [4] Jellyfin.Networking.Manager.NetworkManager: Defined LAN addresses : "[10.0.0.0/8,172.16.0.0/12,192.168.0.0/16]"
[2023-09-01 00:52:30.134 +00:00] [INF] [4] Jellyfin.Networking.Manager.NetworkManager: Defined LAN exclusions : "[]"
[2023-09-01 00:52:30.135 +00:00] [INF] [4] Jellyfin.Networking.Manager.NetworkManager: Using LAN addresses: "[10.0.0.0/8,172.16.0.0/12,192.168.0.0/16]"
[2023-09-01 00:52:30.139 +00:00] [INF] [4] Jellyfin.Networking.Manager.NetworkManager: Using bind addresses: "[]"
[2023-09-01 00:52:30.139 +00:00] [INF] [4] Jellyfin.Networking.Manager.NetworkManager: Using bind exclusions: "[]"
[2023-09-01 00:52:31.024 +00:00] [INF] [4] Jellyfin.Server.Implementations.JellyfinDbProvider: There are pending EFCore migrations in the database. Applying... (This may take a while, do not stop Jellyfin)
[2023-09-01 00:52:31.408 +00:00] [INF] [4] Jellyfin.Server.Implementations.JellyfinDbProvider: EFCore migrations applied successfully
[2023-09-01 00:52:31.795 +00:00] [INF] [4] Emby.Server.Implementations.AppBase.BaseConfigurationManager: Saving system configuration
[2023-09-01 00:52:31.802 +00:00] [INF] [4] Emby.Server.Implementations.AppBase.BaseConfigurationManager: Setting cache path: "/config/cache"
[2023-09-01 00:52:31.807 +00:00] [INF] [4] Emby.Server.Implementations.Plugins.PluginManager: Loaded plugin: "TMDb" "10.8.10.0"
[2023-09-01 00:52:31.808 +00:00] [INF] [4] Emby.Server.Implementations.Plugins.PluginManager: Loaded plugin: "Studio Images" "10.8.10.0"
[2023-09-01 00:52:31.808 +00:00] [INF] [4] Emby.Server.Implementations.Plugins.PluginManager: Loaded plugin: "OMDb" "10.8.10.0"
[2023-09-01 00:52:31.808 +00:00] [INF] [4] Emby.Server.Implementations.Plugins.PluginManager: Loaded plugin: "MusicBrainz" "10.8.10.0"
[2023-09-01 00:52:31.808 +00:00] [INF] [4] Emby.Server.Implementations.Plugins.PluginManager: Loaded plugin: "AudioDB" "10.8.10.0"
[2023-09-01 00:52:31.854 +00:00] [INF] [4] Jellyfin.Server.Migrations.MigrationRunner: Marking following migrations as applied because this is a fresh install: ["DisableTranscodingThrottling", "CreateLoggingConfigHeirarchy", "MigrateActivityLogDatabase", "RemoveDuplicateExtras", "MigrateUserDatabase", "MigrateDisplayPreferencesDatabase", "RemoveDownloadImagesInAdvance", "MigrateAuthenticationDatabase"]
[2023-09-01 00:52:31.855 +00:00] [INF] [4] Jellyfin.Server.Migrations.MigrationRunner: Applying migration '"AddDefaultPluginRepository"'
[2023-09-01 00:52:31.855 +00:00] [INF] [4] Emby.Server.Implementations.AppBase.BaseConfigurationManager: Saving system configuration
[2023-09-01 00:52:31.861 +00:00] [INF] [4] Emby.Server.Implementations.AppBase.BaseConfigurationManager: Setting cache path: "/config/cache"
[2023-09-01 00:52:31.861 +00:00] [INF] [4] Jellyfin.Server.Migrations.MigrationRunner: Migration '"AddDefaultPluginRepository"' applied successfully
[2023-09-01 00:52:31.873 +00:00] [INF] [4] Jellyfin.Server.Migrations.MigrationRunner: Applying migration '"ReaddDefaultPluginRepository"'
[2023-09-01 00:52:31.874 +00:00] [INF] [4] Jellyfin.Server.Migrations.MigrationRunner: Migration '"ReaddDefaultPluginRepository"' applied successfully
[2023-09-01 00:52:31.884 +00:00] [INF] [4] Jellyfin.Server.Migrations.MigrationRunner: Applying migration '"AddPeopleQueryIndex"'
[2023-09-01 00:52:31.885 +00:00] [INF] [4] Jellyfin.Server.Migrations.Routines.AddPeopleQueryIndex: Creating index idx_TypedBaseItemsUserDataKeyType
[2023-09-01 00:52:31.892 +00:00] [INF] [4] Jellyfin.Server.Migrations.Routines.AddPeopleQueryIndex: Creating index idx_PeopleNameListOrder
[2023-09-01 00:52:31.900 +00:00] [INF] [4] Jellyfin.Server.Migrations.MigrationRunner: Migration '"AddPeopleQueryIndex"' applied successfully
[2023-09-01 00:52:31.909 +00:00] [INF] [4] Main: Kestrel listening on "Any IP4 Address"
[2023-09-01 00:52:31.952 +00:00] [WRN] [4] Microsoft.AspNetCore.DataProtection.Repositories.EphemeralXmlRepository: Using an in-memory repository. Keys will not be persisted to storage.
[2023-09-01 00:52:31.953 +00:00] [WRN] [4] Microsoft.AspNetCore.DataProtection.KeyManagement.XmlKeyManager: Neither user profile nor HKLM registry available. Using an ephemeral key repository. Protected data will be unavailable when application exits.
[2023-09-01 00:52:32.142 +00:00] [WRN] [4] Microsoft.AspNetCore.DataProtection.KeyManagement.XmlKeyManager: No XML encryptor configured. Key {027b217f-fc48-45cd-a8d0-19f6a4df6d00} may be persisted to storage in unencrypted form.
[2023-09-01 00:52:32.187 +00:00] [INF] [4] Emby.Server.Implementations.ApplicationHost: Running startup tasks
[2023-09-01 00:52:32.232 +00:00] [INF] [4] Emby.Server.Implementations.ScheduledTasks.TaskManager: Daily trigger for "Extract Chapter Images" set to fire at 2023-09-01 02:00:00.000 +00:00, which is 01:07:27.7680417 from now.
[2023-09-01 00:52:32.279 +00:00] [INF] [4] MediaBrowser.MediaEncoding.Encoder.MediaEncoder: Found ffmpeg version "5.1.3"
[2023-09-01 00:52:32.335 +00:00] [INF] [4] MediaBrowser.MediaEncoding.Encoder.MediaEncoder: Available "decoders": ["libdav1d", "av1", "av1_cuvid", "av1_qsv", "h264", "h264_qsv", "h264_cuvid", "hevc", "hevc_qsv", "hevc_cuvid", "mpeg2video", "mpeg2_qsv", "mpeg2_cuvid", "mpeg4", "mpeg4_cuvid", "msmpeg4", "vc1_qsv", "vc1_cuvid", "vp8", "libvpx", "vp8_cuvid", "vp8_qsv", "vp9", "libvpx-vp9", "vp9_cuvid", "vp9_qsv", "aac", "ac3", "dca", "flac", "mp3", "truehd"]
[2023-09-01 00:52:32.354 +00:00] [INF] [4] MediaBrowser.MediaEncoding.Encoder.MediaEncoder: Available "encoders": ["libx264", "h264_amf", "h264_nvenc", "h264_qsv", "h264_v4l2m2m", "h264_vaapi", "libx265", "hevc_amf", "hevc_nvenc", "hevc_qsv", "hevc_vaapi", "mpeg4", "msmpeg4", "libvpx", "libvpx-vp9", "aac", "libfdk_aac", "ac3", "dca", "flac", "libmp3lame", "libopus", "truehd", "libvorbis", "srt"]
[2023-09-01 00:52:32.373 +00:00] [INF] [4] MediaBrowser.MediaEncoding.Encoder.MediaEncoder: Available filters: ["deinterlace_qsv", "deinterlace_vaapi", "hwupload_cuda", "hwupload_vaapi", "overlay_opencl", "overlay_qsv", "overlay_vaapi", "overlay_cuda", "procamp_vaapi", "scale_cuda", "scale_opencl", "scale_qsv", "scale_vaapi", "tonemap_cuda", "tonemap_opencl", "tonemap_vaapi", "vpp_qsv", "yadif_cuda", "zscale", "alphasrc"]
[2023-09-01 00:52:32.478 +00:00] [INF] [4] MediaBrowser.MediaEncoding.Encoder.MediaEncoder: Available hwaccel types: ["cuda", "vaapi", "qsv", "drm", "opencl", "vulkan"]
[2023-09-01 00:52:32.610 +00:00] [INF] [4] MediaBrowser.MediaEncoding.Encoder.MediaEncoder: FFmpeg: "/usr/lib/jellyfin-ffmpeg/ffmpeg"
[2023-09-01 00:52:32.621 +00:00] [INF] [4] Emby.Server.Implementations.ApplicationHost: ServerId: "6fe1c14d4b8f47518554b472e83cf58c"
[2023-09-01 00:52:33.354 +00:00] [INF] [14] Emby.Server.Implementations.ApplicationHost: Executed all pre-startup entry points in 0:00:00.720552
[2023-09-01 00:52:33.354 +00:00] [INF] [14] Emby.Server.Implementations.ApplicationHost: Core startup complete
[2023-09-01 00:52:33.632 +00:00] [INF] [14] Emby.Server.Implementations.ApplicationHost: Executed all post-startup entry points in 0:00:00.2772404
[2023-09-01 00:52:33.632 +00:00] [INF] [14] Main: Startup complete 0:00:03.7971377
[2023-09-01 00:52:34.233 +00:00] [WRN] [21] Microsoft.EntityFrameworkCore.Model.Validation: The entity type '"AccessSchedule"' is configured to use schema '"jellyfin"', but SQLite does not support schemas. This configuration will be ignored by the SQLite provider.
[2023-09-01 00:52:34.235 +00:00] [WRN] [21] Microsoft.EntityFrameworkCore.Model.Validation: The entity type '"ActivityLog"' is configured to use schema '"jellyfin"', but SQLite does not support schemas. This configuration will be ignored by the SQLite provider.
[2023-09-01 00:52:34.235 +00:00] [WRN] [21] Microsoft.EntityFrameworkCore.Model.Validation: The entity type '"CustomItemDisplayPreferences"' is configured to use schema '"jellyfin"', but SQLite does not support schemas. This configuration will be ignored by the SQLite provider.
[2023-09-01 00:52:34.235 +00:00] [WRN] [21] Microsoft.EntityFrameworkCore.Model.Validation: The entity type '"DisplayPreferences"' is configured to use schema '"jellyfin"', but SQLite does not support schemas. This configuration will be ignored by the SQLite provider.
[2023-09-01 00:52:34.235 +00:00] [WRN] [21] Microsoft.EntityFrameworkCore.Model.Validation: The entity type '"HomeSection"' is configured to use schema '"jellyfin"', but SQLite does not support schemas. This configuration will be ignored by the SQLite provider.
[2023-09-01 00:52:34.235 +00:00] [WRN] [21] Microsoft.EntityFrameworkCore.Model.Validation: The entity type '"ImageInfo"' is configured to use schema '"jellyfin"', but SQLite does not support schemas. This configuration will be ignored by the SQLite provider.
[2023-09-01 00:52:34.235 +00:00] [WRN] [21] Microsoft.EntityFrameworkCore.Model.Validation: The entity type '"ItemDisplayPreferences"' is configured to use schema '"jellyfin"', but SQLite does not support schemas. This configuration will be ignored by the SQLite provider.
[2023-09-01 00:52:34.235 +00:00] [WRN] [21] Microsoft.EntityFrameworkCore.Model.Validation: The entity type '"Permission"' is configured to use schema '"jellyfin"', but SQLite does not support schemas. This configuration will be ignored by the SQLite provider.
[2023-09-01 00:52:34.235 +00:00] [WRN] [21] Microsoft.EntityFrameworkCore.Model.Validation: The entity type '"Preference"' is configured to use schema '"jellyfin"', but SQLite does not support schemas. This configuration will be ignored by the SQLite provider.
[2023-09-01 00:52:34.235 +00:00] [WRN] [21] Microsoft.EntityFrameworkCore.Model.Validation: The entity type '"ApiKey"' is configured to use schema '"jellyfin"', but SQLite does not support schemas. This configuration will be ignored by the SQLite provider.
[2023-09-01 00:52:34.235 +00:00] [WRN] [21] Microsoft.EntityFrameworkCore.Model.Validation: The entity type '"Device"' is configured to use schema '"jellyfin"', but SQLite does not support schemas. This configuration will be ignored by the SQLite provider.
[2023-09-01 00:52:34.235 +00:00] [WRN] [21] Microsoft.EntityFrameworkCore.Model.Validation: The entity type '"DeviceOptions"' is configured to use schema '"jellyfin"', but SQLite does not support schemas. This configuration will be ignored by the SQLite provider.
[2023-09-01 00:52:34.235 +00:00] [WRN] [21] Microsoft.EntityFrameworkCore.Model.Validation: The entity type '"User"' is configured to use schema '"jellyfin"', but SQLite does not support schemas. This configuration will be ignored by the SQLite provider.
[2023-09-01 00:52:35.245 +00:00] [INF] [21] Emby.Server.Implementations.ScheduledTasks.TaskManager: "StartupTrigger" fired for task: "Update Plugins"
[2023-09-01 00:52:35.245 +00:00] [INF] [21] Emby.Server.Implementations.ScheduledTasks.TaskManager: Queuing task "PluginUpdateTask"
[2023-09-01 00:52:35.247 +00:00] [INF] [14] Emby.Server.Implementations.ScheduledTasks.TaskManager: Executing "Update Plugins"
[2023-09-01 00:52:36.972 +00:00] [INF] [14] Emby.Server.Implementations.ScheduledTasks.TaskManager: "Update Plugins" Completed after 0 minute(s) and 1 seconds
[2023-09-01 00:52:36.990 +00:00] [INF] [14] Emby.Server.Implementations.ScheduledTasks.TaskManager: ExecuteQueuedTasks
